0 info it worked if it ends with ok
1 verbose cli [ 'C:\\Program Files\\nodejs\\node.exe',
1 verbose cli   'C:\\Program Files\\nodejs\\node_modules\\npm\\bin\\npm-cli.js',
1 verbose cli   'run',
1 verbose cli   'dist:win' ]
2 info using npm@3.10.10
3 info using node@v6.10.2
4 verbose run-script [ 'predist:win', 'dist:win', 'postdist:win' ]
5 info lifecycle RuneBook@1.5.4~predist:win: RuneBook@1.5.4
6 silly lifecycle RuneBook@1.5.4~predist:win: no script for predist:win, continuing
7 info lifecycle RuneBook@1.5.4~dist:win: RuneBook@1.5.4
8 verbose lifecycle RuneBook@1.5.4~dist:win: unsafe-perm in lifecycle true
9 verbose lifecycle RuneBook@1.5.4~dist:win: PATH: C:\Program Files\nodejs\node_modules\npm\bin\node-gyp-bin;C:\Users\italo.naia\Sonda\vscode\RuneBook\node_modules\.bin;C:\Program Files (x86)\CA\SC\CAWIN\;C:\ProgramData\Oracle\Java\javapath;C:\Program Files (x86)\NVIDIA Corporation\PhysX\Common;c:\Program Files (x86)\Intel\iCLS Client\;c:\Program Files\Intel\iCLS Client\;C:\WINDOWS\system32;C:\WINDOWS;C:\WINDOWS\System32\Wbem;C:\WINDOWS\System32\WindowsPowerShell\v1.0\;C:\Program Files\Intel\Intel(R) Management Engine Components\DAL;C:\Program Files\Intel\Intel(R) Management Engine Components\IPT;C:\Program Files (x86)\Intel\Intel(R) Management Engine Components\DAL;C:\Program Files (x86)\Intel\Intel(R) Management Engine Components\IPT;C:\Program Files\OpenVPN\bin;C:\Users\italo.naia\UwAmp\bin\php\php-5.6.18;C:\ProgramData\ComposerSetup\bin;C:\Program Files (x86)\Skype\Phone\;C:\Program Files\PuTTY\;C:\Program Files\nodejs\;C:\PROGRA~2\CA\SC\CAM\bin;C:\Program Files (x86)\CA\SC\Csam\SockAdapter\bin;C:\Program Files (x86)\CA\SC\Csam\SockAdapter\bin64;C:\Program Files (x86)\CA\DSM\bin;C:\Program Files (x86)\CA\SC\CBB\;C:\Users\italo.naia\AppData\Roaming\Composer\vendor\bin;C:\Users\italo.naia\AppData\Roaming\npm;C:\Program Files\Microsoft VS Code\bin
10 verbose lifecycle RuneBook@1.5.4~dist:win: CWD: C:\Users\italo.naia\Sonda\vscode\RuneBook
11 silly lifecycle RuneBook@1.5.4~dist:win: Args: [ '/d /s /c', 'electron-builder --win' ]
12 silly lifecycle RuneBook@1.5.4~dist:win: Returned: code: 1  signal: null
13 info lifecycle RuneBook@1.5.4~dist:win: Failed to exec dist:win script
14 verbose stack Error: RuneBook@1.5.4 dist:win: `electron-builder --win`
14 verbose stack Exit status 1
14 verbose stack     at EventEmitter.<anonymous> (C:\Program Files\nodejs\node_modules\npm\lib\utils\lifecycle.js:255:16)
14 verbose stack     at emitTwo (events.js:106:13)
14 verbose stack     at EventEmitter.emit (events.js:191:7)
14 verbose stack     at ChildProcess.<anonymous> (C:\Program Files\nodejs\node_modules\npm\lib\utils\spawn.js:40:14)
14 verbose stack     at emitTwo (events.js:106:13)
14 verbose stack     at ChildProcess.emit (events.js:191:7)
14 verbose stack     at maybeClose (internal/child_process.js:886:16)
14 verbose stack     at Process.ChildProcess._handle.onexit (internal/child_process.js:226:5)
15 verbose pkgid RuneBook@1.5.4
16 verbose cwd C:\Users\italo.naia\Sonda\vscode\RuneBook
17 error Windows_NT 10.0.10586
18 error argv "C:\\Program Files\\nodejs\\node.exe" "C:\\Program Files\\nodejs\\node_modules\\npm\\bin\\npm-cli.js" "run" "dist:win"
19 error node v6.10.2
20 error npm  v3.10.10
21 error code ELIFECYCLE
22 error RuneBook@1.5.4 dist:win: `electron-builder --win`
22 error Exit status 1
23 error Failed at the RuneBook@1.5.4 dist:win script 'electron-builder --win'.
23 error Make sure you have the latest version of node.js and npm installed.
23 error If you do, this is most likely a problem with the RuneBook package,
23 error not with npm itself.
23 error Tell the author that this fails on your system:
23 error     electron-builder --win
23 error You can get information on how to open an issue for this project with:
23 error     npm bugs RuneBook
23 error Or if that isn't available, you can get their info via:
23 error     npm owner ls RuneBook
23 error There is likely additional logging output above.
24 verbose exit [ 1, true ]
